Starting training for bert-large-cased...
{'loss': '0.3329', 'grad_norm': '14.24', 'learning_rate': '1.98e-05', 'epoch': '0.02228'}
{'loss': '0.1811', 'grad_norm': '0.09468', 'learning_rate': '1.957e-05', 'epoch': '0.04456'}
{'loss': '0.09498', 'grad_norm': '0.937', 'learning_rate': '1.935e-05', 'epoch': '0.06684'}
{'loss': '0.0972', 'grad_norm': '0.02778', 'learning_rate': '1.913e-05', 'epoch': '0.08913'}
{'loss': '0.1299', 'grad_norm': '0.06024', 'learning_rate': '1.89e-05', 'epoch': '0.1114'}
{'loss': '0.02769', 'grad_norm': '0.02752', 'learning_rate': '1.868e-05', 'epoch': '0.1337'}
{'loss': '0.0665', 'grad_norm': '0.1369', 'learning_rate': '1.846e-05', 'epoch': '0.156'}
{'loss': '0.0662', 'grad_norm': '0.0386', 'learning_rate': '1.824e-05', 'epoch': '0.1783'}
{'loss': '0.03853', 'grad_norm': '0.3738', 'learning_rate': '1.801e-05', 'epoch': '0.2005'}
{'loss': '0.05412', 'grad_norm': '0.06366', 'learning_rate': '1.779e-05', 'epoch': '0.2228'}
{'loss': '0.01842', 'grad_norm': '0.6867', 'learning_rate': '1.757e-05', 'epoch': '0.2451'}
{'loss': '0.03223', 'grad_norm': '0.02489', 'learning_rate': '1.734e-05', 'epoch': '0.2674'}
{'loss': '0.02542', 'grad_norm': '0.01032', 'learning_rate': '1.712e-05', 'epoch': '0.2897'}
{'loss': '0.01442', 'grad_norm': '29.18', 'learning_rate': '1.69e-05', 'epoch': '0.3119'}
{'loss': '0.02376', 'grad_norm': '0.002719', 'learning_rate': '1.668e-05', 'epoch': '0.3342'}
{'loss': '0.07906', 'grad_norm': '3.827', 'learning_rate': '1.646e-05', 'epoch': '0.3565'}
{'loss': '0.06514', 'grad_norm': '5.488', 'learning_rate': '1.623e-05', 'epoch': '0.3788'}
{'loss': '0.03628', 'grad_norm': '6.754', 'learning_rate': '1.601e-05', 'epoch': '0.4011'}
{'loss': '0.003704', 'grad_norm': '0.002235', 'learning_rate': '1.579e-05', 'epoch': '0.4234'}
{'loss': '0.0283', 'grad_norm': '17.83', 'learning_rate': '1.557e-05', 'epoch': '0.4456'}
{'loss': '0.04029', 'grad_norm': '0.009389', 'learning_rate': '1.534e-05', 'epoch': '0.4679'}
{'loss': '0.04211', 'grad_norm': '0.09082', 'learning_rate': '1.512e-05', 'epoch': '0.4902'}
{'loss': '0.02934', 'grad_norm': '0.05807', 'learning_rate': '1.49e-05', 'epoch': '0.5125'}
{'loss': '0.04307', 'grad_norm': '0.0397', 'learning_rate': '1.467e-05', 'epoch': '0.5348'}
{'loss': '0.03371', 'grad_norm': '0.01144', 'learning_rate': '1.445e-05', 'epoch': '0.557'}
{'loss': '0.01251', 'grad_norm': '0.02653', 'learning_rate': '1.423e-05', 'epoch': '0.5793'}
{'loss': '0.02753', 'grad_norm': '0.0376', 'learning_rate': '1.401e-05', 'epoch': '0.6016'}
{'loss': '0.01747', 'grad_norm': '0.01642', 'learning_rate': '1.378e-05', 'epoch': '0.6239'}
{'loss': '0.0341', 'grad_norm': '4.553', 'learning_rate': '1.356e-05', 'epoch': '0.6462'}
{'loss': '0.007852', 'grad_norm': '0.009584', 'learning_rate': '1.334e-05', 'epoch': '0.6684'}
{'loss': '0.01309', 'grad_norm': '0.005139', 'learning_rate': '1.311e-05', 'epoch': '0.6907'}
{'loss': '0.03611', 'grad_norm': '0.02474', 'learning_rate': '1.289e-05', 'epoch': '0.713'}
{'loss': '0.04891', 'grad_norm': '6.49', 'learning_rate': '1.267e-05', 'epoch': '0.7353'}
{'loss': '0.02825', 'grad_norm': '0.01364', 'learning_rate': '1.245e-05', 'epoch': '0.7576'}
{'loss': '0.007188', 'grad_norm': '0.02014', 'learning_rate': '1.222e-05', 'epoch': '0.7799'}
{'loss': '0.0001918', 'grad_norm': '0.003779', 'learning_rate': '1.2e-05', 'epoch': '0.8021'}
{'loss': '0.03577', 'grad_norm': '0.0128', 'learning_rate': '1.178e-05', 'epoch': '0.8244'}
{'loss': '0.0113', 'grad_norm': '0.00539', 'learning_rate': '1.156e-05', 'epoch': '0.8467'}
{'loss': '0.009284', 'grad_norm': '3.563', 'learning_rate': '1.133e-05', 'epoch': '0.869'}
{'loss': '0.01395', 'grad_norm': '0.01467', 'learning_rate': '1.111e-05', 'epoch': '0.8913'}
{'loss': '0.02673', 'grad_norm': '14.15', 'learning_rate': '1.089e-05', 'epoch': '0.9135'}
{'loss': '0.02114', 'grad_norm': '0.002884', 'learning_rate': '1.066e-05', 'epoch': '0.9358'}
{'loss': '0.02119', 'grad_norm': '0.01088', 'learning_rate': '1.044e-05', 'epoch': '0.9581'}
{'loss': '0.006869', 'grad_norm': '0.003513', 'learning_rate': '1.022e-05', 'epoch': '0.9804'}
{'eval_loss': '0.01944', 'eval_runtime': '36.39', 'eval_samples_per_second': '246.6', 'eval_steps_per_second': '15.42', 'epoch': '1'}
{'loss': '0.01107', 'grad_norm': '0.002089', 'learning_rate': '9.996e-06', 'epoch': '1.003'}
{'loss': '0.005461', 'grad_norm': '0.002162', 'learning_rate': '9.773e-06', 'epoch': '1.025'}
{'loss': '0.01025', 'grad_norm': '0.0009688', 'learning_rate': '9.55e-06', 'epoch': '1.047'}
{'loss': '0.004692', 'grad_norm': '0.001476', 'learning_rate': '9.327e-06', 'epoch': '1.07'}
{'loss': '0.01578', 'grad_norm': '0.002738', 'learning_rate': '9.104e-06', 'epoch': '1.092'}
{'loss': '0.000101', 'grad_norm': '0.001235', 'learning_rate': '8.881e-06', 'epoch': '1.114'}
{'loss': '0.009141', 'grad_norm': '2.783', 'learning_rate': '8.659e-06', 'epoch': '1.136'}
{'loss': '0.005818', 'grad_norm': '0.004426', 'learning_rate': '8.436e-06', 'epoch': '1.159'}
{'loss': '0.0008205', 'grad_norm': '0.001244', 'learning_rate': '8.213e-06', 'epoch': '1.181'}
{'loss': '0.005065', 'grad_norm': '0.003636', 'learning_rate': '7.99e-06', 'epoch': '1.203'}
{'loss': '0.006909', 'grad_norm': '0.0004247', 'learning_rate': '7.767e-06', 'epoch': '1.225'}
{'loss': '0.0116', 'grad_norm': '6.645', 'learning_rate': '7.545e-06', 'epoch': '1.248'}
{'loss': '0.00323', 'grad_norm': '0.0007238', 'learning_rate': '7.322e-06', 'epoch': '1.27'}
{'loss': '0.003799', 'grad_norm': '0.1781', 'learning_rate': '7.099e-06', 'epoch': '1.292'}
{'loss': '0.01042', 'grad_norm': '0.0005909', 'learning_rate': '6.876e-06', 'epoch': '1.315'}
{'loss': '0.01914', 'grad_norm': '0.001242', 'learning_rate': '6.653e-06', 'epoch': '1.337'}
{'loss': '0.009297', 'grad_norm': '0.001944', 'learning_rate': '6.43e-06', 'epoch': '1.359'}
{'loss': '4.84e-05', 'grad_norm': '0.001553', 'learning_rate': '6.208e-06', 'epoch': '1.381'}
{'loss': '0.01729', 'grad_norm': '0.01644', 'learning_rate': '5.985e-06', 'epoch': '1.404'}
{'loss': '0.004931', 'grad_norm': '38.16', 'learning_rate': '5.762e-06', 'epoch': '1.426'}
{'loss': '0.005007', 'grad_norm': '0.003441', 'learning_rate': '5.539e-06', 'epoch': '1.448'}
{'loss': '0.02614', 'grad_norm': '0.001689', 'learning_rate': '5.316e-06', 'epoch': '1.471'}
{'loss': '0.000176', 'grad_norm': '0.002448', 'learning_rate': '5.094e-06', 'epoch': '1.493'}
{'loss': '0.004002', 'grad_norm': '0.001373', 'learning_rate': '4.871e-06', 'epoch': '1.515'}
{'loss': '4.083e-05', 'grad_norm': '0.001489', 'learning_rate': '4.648e-06', 'epoch': '1.537'}
{'loss': '0.01762', 'grad_norm': '0.002866', 'learning_rate': '4.425e-06', 'epoch': '1.56'}
{'loss': '0.007831', 'grad_norm': '0.07056', 'learning_rate': '4.202e-06', 'epoch': '1.582'}
{'loss': '0.01182', 'grad_norm': '10.44', 'learning_rate': '3.98e-06', 'epoch': '1.604'}
{'loss': '0.00778', 'grad_norm': '0.001501', 'learning_rate': '3.757e-06', 'epoch': '1.627'}
{'loss': '0.004415', 'grad_norm': '0.003546', 'learning_rate': '3.534e-06', 'epoch': '1.649'}
{'loss': '0.0001492', 'grad_norm': '0.0007476', 'learning_rate': '3.311e-06', 'epoch': '1.671'}
{'loss': '0.004819', 'grad_norm': '0.001153', 'learning_rate': '3.088e-06', 'epoch': '1.693'}
{'loss': '0.001396', 'grad_norm': '0.001902', 'learning_rate': '2.865e-06', 'epoch': '1.716'}
{'loss': '0.001006', 'grad_norm': '0.001287', 'learning_rate': '2.643e-06', 'epoch': '1.738'}
{'loss': '4.622e-05', 'grad_norm': '0.0005006', 'learning_rate': '2.42e-06', 'epoch': '1.76'}
{'loss': '0.0009162', 'grad_norm': '0.0005342', 'learning_rate': '2.197e-06', 'epoch': '1.783'}
{'loss': '0.007502', 'grad_norm': '0.01062', 'learning_rate': '1.974e-06', 'epoch': '1.805'}
{'loss': '0.01189', 'grad_norm': '0.0008314', 'learning_rate': '1.751e-06', 'epoch': '1.827'}
{'loss': '0.003898', 'grad_norm': '0.04196', 'learning_rate': '1.529e-06', 'epoch': '1.849'}
{'loss': '4.224e-05', 'grad_norm': '0.00102', 'learning_rate': '1.306e-06', 'epoch': '1.872'}
{'loss': '0.006105', 'grad_norm': '0.0009087', 'learning_rate': '1.083e-06', 'epoch': '1.894'}
{'loss': '0.002311', 'grad_norm': '0.0009909', 'learning_rate': '8.601e-07', 'epoch': '1.916'}
{'loss': '0.0003104', 'grad_norm': '0.005056', 'learning_rate': '6.373e-07', 'epoch': '1.939'}
{'loss': '0.009706', 'grad_norm': '0.006418', 'learning_rate': '4.144e-07', 'epoch': '1.961'}
{'loss': '0.005987', 'grad_norm': '0.001855', 'learning_rate': '1.916e-07', 'epoch': '1.983'}
{'eval_loss': '0.01915', 'eval_runtime': '36.2', 'eval_samples_per_second': '247.9', 'eval_steps_per_second': '15.5', 'epoch': '2'}
{'train_runtime': '1032', 'train_samples_per_second': '69.55', 'train_steps_per_second': '4.348', 'train_loss': '0.0254', 'epoch': '2'}
Evaluation Results for bert-large-cased: {'eval_loss': 0.019148970022797585, 'eval_runtime': 36.3706, 'eval_samples_per_second': 246.738, 'eval_steps_per_second': 15.425, 'epoch': 2.0}
ROC-AUC for bert-large-cased: 0.9998927403638304
