Starting training for bert-base-cased...
{'loss': '0.3631', 'grad_norm': '6.207', 'learning_rate': '1.979e-05', 'epoch': '0.02228'}
{'loss': '0.1015', 'grad_norm': '0.1634', 'learning_rate': '1.957e-05', 'epoch': '0.04456'}
{'loss': '0.08753', 'grad_norm': '0.1044', 'learning_rate': '1.935e-05', 'epoch': '0.06684'}
{'loss': '0.04943', 'grad_norm': '0.03586', 'learning_rate': '1.913e-05', 'epoch': '0.08913'}
{'loss': '0.07044', 'grad_norm': '0.04284', 'learning_rate': '1.89e-05', 'epoch': '0.1114'}
{'loss': '0.06281', 'grad_norm': '0.03371', 'learning_rate': '1.868e-05', 'epoch': '0.1337'}
{'loss': '0.05866', 'grad_norm': '0.07432', 'learning_rate': '1.846e-05', 'epoch': '0.156'}
{'loss': '0.06555', 'grad_norm': '0.05712', 'learning_rate': '1.824e-05', 'epoch': '0.1783'}
{'loss': '0.04545', 'grad_norm': '0.05815', 'learning_rate': '1.801e-05', 'epoch': '0.2005'}
{'loss': '0.07242', 'grad_norm': '17.06', 'learning_rate': '1.779e-05', 'epoch': '0.2228'}
{'loss': '0.05276', 'grad_norm': '82.07', 'learning_rate': '1.757e-05', 'epoch': '0.2451'}
{'loss': '0.0417', 'grad_norm': '0.01097', 'learning_rate': '1.734e-05', 'epoch': '0.2674'}
{'loss': '0.02143', 'grad_norm': '50.05', 'learning_rate': '1.712e-05', 'epoch': '0.2897'}
{'loss': '0.04513', 'grad_norm': '0.4718', 'learning_rate': '1.69e-05', 'epoch': '0.3119'}
{'loss': '0.03842', 'grad_norm': '0.03922', 'learning_rate': '1.668e-05', 'epoch': '0.3342'}
{'loss': '0.05691', 'grad_norm': '7.914', 'learning_rate': '1.645e-05', 'epoch': '0.3565'}
{'loss': '0.07644', 'grad_norm': '14.72', 'learning_rate': '1.623e-05', 'epoch': '0.3788'}
{'loss': '0.01726', 'grad_norm': '9.622', 'learning_rate': '1.601e-05', 'epoch': '0.4011'}
{'loss': '0.009486', 'grad_norm': '0.005526', 'learning_rate': '1.578e-05', 'epoch': '0.4234'}
{'loss': '0.03353', 'grad_norm': '13.38', 'learning_rate': '1.556e-05', 'epoch': '0.4456'}
{'loss': '0.06092', 'grad_norm': '0.08757', 'learning_rate': '1.534e-05', 'epoch': '0.4679'}
{'loss': '0.04676', 'grad_norm': '0.7933', 'learning_rate': '1.512e-05', 'epoch': '0.4902'}
{'loss': '0.04964', 'grad_norm': '0.02047', 'learning_rate': '1.489e-05', 'epoch': '0.5125'}
{'loss': '0.0359', 'grad_norm': '0.03853', 'learning_rate': '1.467e-05', 'epoch': '0.5348'}
{'loss': '0.0425', 'grad_norm': '0.01904', 'learning_rate': '1.445e-05', 'epoch': '0.557'}
{'loss': '0.03147', 'grad_norm': '0.03456', 'learning_rate': '1.422e-05', 'epoch': '0.5793'}
{'loss': '0.04636', 'grad_norm': '0.1314', 'learning_rate': '1.4e-05', 'epoch': '0.6016'}
{'loss': '0.01221', 'grad_norm': '0.01586', 'learning_rate': '1.378e-05', 'epoch': '0.6239'}
{'loss': '0.0361', 'grad_norm': '4.54', 'learning_rate': '1.356e-05', 'epoch': '0.6462'}
{'loss': '0.006363', 'grad_norm': '0.007678', 'learning_rate': '1.333e-05', 'epoch': '0.6684'}
{'loss': '0.02571', 'grad_norm': '6.046', 'learning_rate': '1.311e-05', 'epoch': '0.6907'}
{'loss': '0.04564', 'grad_norm': '0.02755', 'learning_rate': '1.289e-05', 'epoch': '0.713'}
{'loss': '0.03983', 'grad_norm': '0.689', 'learning_rate': '1.266e-05', 'epoch': '0.7353'}
{'loss': '0.0145', 'grad_norm': '0.067', 'learning_rate': '1.244e-05', 'epoch': '0.7576'}
{'loss': '0.01436', 'grad_norm': '0.009723', 'learning_rate': '1.222e-05', 'epoch': '0.7799'}
{'loss': '0.002238', 'grad_norm': '0.01266', 'learning_rate': '1.2e-05', 'epoch': '0.8021'}
{'loss': '0.04533', 'grad_norm': '0.01824', 'learning_rate': '1.177e-05', 'epoch': '0.8244'}
{'loss': '0.03045', 'grad_norm': '0.01221', 'learning_rate': '1.155e-05', 'epoch': '0.8467'}
{'loss': '0.01076', 'grad_norm': '13.57', 'learning_rate': '1.133e-05', 'epoch': '0.869'}
{'loss': '0.01132', 'grad_norm': '0.01137', 'learning_rate': '1.111e-05', 'epoch': '0.8913'}
{'loss': '0.04458', 'grad_norm': '3.857', 'learning_rate': '1.088e-05', 'epoch': '0.9135'}
{'loss': '0.02464', 'grad_norm': '0.01286', 'learning_rate': '1.066e-05', 'epoch': '0.9358'}
{'loss': '0.01458', 'grad_norm': '0.009762', 'learning_rate': '1.044e-05', 'epoch': '0.9581'}
{'loss': '0.01306', 'grad_norm': '0.007845', 'learning_rate': '1.021e-05', 'epoch': '0.9804'}
{'eval_loss': '0.02231', 'eval_runtime': '16.66', 'eval_samples_per_second': '538.6', 'eval_steps_per_second': '33.67', 'epoch': '1'}
{'loss': '0.01115', 'grad_norm': '0.004892', 'learning_rate': '9.991e-06', 'epoch': '1.003'}
{'loss': '0.0008545', 'grad_norm': '0.003444', 'learning_rate': '9.768e-06', 'epoch': '1.025'}
{'loss': '0.02162', 'grad_norm': '0.003725', 'learning_rate': '9.545e-06', 'epoch': '1.047'}
{'loss': '0.02004', 'grad_norm': '0.2569', 'learning_rate': '9.323e-06', 'epoch': '1.07'}
{'loss': '0.01674', 'grad_norm': '0.0161', 'learning_rate': '9.1e-06', 'epoch': '1.092'}
{'loss': '0.006916', 'grad_norm': '0.007312', 'learning_rate': '8.877e-06', 'epoch': '1.114'}
{'loss': '0.006646', 'grad_norm': '0.01206', 'learning_rate': '8.654e-06', 'epoch': '1.136'}
{'loss': '0.001861', 'grad_norm': '0.002285', 'learning_rate': '8.431e-06', 'epoch': '1.159'}
{'loss': '0.02368', 'grad_norm': '0.002319', 'learning_rate': '8.209e-06', 'epoch': '1.181'}
{'loss': '0.000161', 'grad_norm': '0.001853', 'learning_rate': '7.986e-06', 'epoch': '1.203'}
{'loss': '0.00289', 'grad_norm': '0.001976', 'learning_rate': '7.763e-06', 'epoch': '1.225'}
{'loss': '0.01253', 'grad_norm': '43.36', 'learning_rate': '7.54e-06', 'epoch': '1.248'}
{'loss': '0.006818', 'grad_norm': '0.001244', 'learning_rate': '7.317e-06', 'epoch': '1.27'}
{'loss': '7.281e-05', 'grad_norm': '0.008582', 'learning_rate': '7.094e-06', 'epoch': '1.292'}
{'loss': '0.001486', 'grad_norm': '0.001445', 'learning_rate': '6.872e-06', 'epoch': '1.315'}
{'loss': '0.02637', 'grad_norm': '0.002364', 'learning_rate': '6.649e-06', 'epoch': '1.337'}
{'loss': '0.0005947', 'grad_norm': '6.709', 'learning_rate': '6.426e-06', 'epoch': '1.359'}
{'loss': '0.002964', 'grad_norm': '0.001358', 'learning_rate': '6.203e-06', 'epoch': '1.381'}
{'loss': '0.01036', 'grad_norm': '0.004553', 'learning_rate': '5.98e-06', 'epoch': '1.404'}
{'loss': '0.008328', 'grad_norm': '0.007309', 'learning_rate': '5.758e-06', 'epoch': '1.426'}
{'loss': '0.0004776', 'grad_norm': '0.00773', 'learning_rate': '5.535e-06', 'epoch': '1.448'}
{'loss': '0.002913', 'grad_norm': '0.001975', 'learning_rate': '5.312e-06', 'epoch': '1.471'}
{'loss': '0.008256', 'grad_norm': '0.006835', 'learning_rate': '5.089e-06', 'epoch': '1.493'}
{'loss': '8.291e-05', 'grad_norm': '0.001057', 'learning_rate': '4.866e-06', 'epoch': '1.515'}
{'loss': '0.01311', 'grad_norm': '0.003912', 'learning_rate': '4.643e-06', 'epoch': '1.537'}
{'loss': '0.01941', 'grad_norm': '0.007198', 'learning_rate': '4.421e-06', 'epoch': '1.56'}
{'loss': '0.0001131', 'grad_norm': '0.01286', 'learning_rate': '4.198e-06', 'epoch': '1.582'}
{'loss': '0.02484', 'grad_norm': '0.02792', 'learning_rate': '3.975e-06', 'epoch': '1.604'}
{'loss': '0.00402', 'grad_norm': '0.004487', 'learning_rate': '3.752e-06', 'epoch': '1.627'}
{'loss': '0.0003144', 'grad_norm': '0.001303', 'learning_rate': '3.529e-06', 'epoch': '1.649'}
{'loss': '5.621e-05', 'grad_norm': '0.001166', 'learning_rate': '3.307e-06', 'epoch': '1.671'}
{'loss': '0.008172', 'grad_norm': '0.001952', 'learning_rate': '3.084e-06', 'epoch': '1.693'}
{'loss': '0.0001747', 'grad_norm': '0.00483', 'learning_rate': '2.861e-06', 'epoch': '1.716'}
{'loss': '7.326e-05', 'grad_norm': '0.00164', 'learning_rate': '2.638e-06', 'epoch': '1.738'}
{'loss': '0.01107', 'grad_norm': '0.001152', 'learning_rate': '2.415e-06', 'epoch': '1.76'}
{'loss': '0.001778', 'grad_norm': '0.001656', 'learning_rate': '2.193e-06', 'epoch': '1.783'}
{'loss': '8.898e-05', 'grad_norm': '0.01546', 'learning_rate': '1.97e-06', 'epoch': '1.805'}
{'loss': '0.01225', 'grad_norm': '0.001865', 'learning_rate': '1.747e-06', 'epoch': '1.827'}
{'loss': '0.001265', 'grad_norm': '0.001859', 'learning_rate': '1.524e-06', 'epoch': '1.849'}
{'loss': '5.076e-05', 'grad_norm': '0.001087', 'learning_rate': '1.301e-06', 'epoch': '1.872'}
{'loss': '0.01287', 'grad_norm': '0.00435', 'learning_rate': '1.078e-06', 'epoch': '1.894'}
{'loss': '0.0123', 'grad_norm': '0.007489', 'learning_rate': '8.556e-07', 'epoch': '1.916'}
{'loss': '0.0001105', 'grad_norm': '0.01859', 'learning_rate': '6.328e-07', 'epoch': '1.939'}
{'loss': '0.005427', 'grad_norm': '0.00765', 'learning_rate': '4.1e-07', 'epoch': '1.961'}
{'loss': '0.01025', 'grad_norm': '0.00326', 'learning_rate': '1.872e-07', 'epoch': '1.983'}
{'eval_loss': '0.0279', 'eval_runtime': '16.89', 'eval_samples_per_second': '531.3', 'eval_steps_per_second': '33.21', 'epoch': '2'}
{'train_runtime': '413', 'train_samples_per_second': '173.8', 'train_steps_per_second': '10.87', 'train_loss': '0.02681', 'epoch': '2'}
Evaluation Results for bert-base-cased: {'eval_loss': 0.027895966544747353, 'eval_runtime': 17.452, 'eval_samples_per_second': 514.21, 'eval_steps_per_second': 32.145, 'epoch': 2.0}
ROC-AUC for bert-base-cased: 0.9998782980509981
